<?xml version="1.0" encoding="UTF-8"?>
<testng-results ignored="0" total="15" passed="14" failed="1" skipped="0">
  <reporter-output>
  </reporter-output>
  <suite started-at="2025-10-25T11:35:23 GMT-07:00" name="Suite" finished-at="2025-10-25T11:37:07 GMT-07:00" duration-ms="104156">
    <groups>
      <group name="cucumber">
        <method signature="AbstractTestNGCucumberTests.runScenario(io.cucumber.testng.PickleWrapper,io.cucumber.testng.FeatureWrapper)[pri:0, instance:com.example.runners.TestRunner@52b1beb6]" name="runScenario" class="io.cucumber.testng.AbstractTestNGCucumberTests"/>
        <method signature="AbstractTestNGCucumberTests.runScenario(io.cucumber.testng.PickleWrapper,io.cucumber.testng.FeatureWrapper)[pri:0, instance:com.example.runners.TestRunner@2a7f1f10]" name="runScenario" class="io.cucumber.testng.AbstractTestNGCucumberTests"/>
        <method signature="AbstractTestNGCucumberTests.runScenario(io.cucumber.testng.PickleWrapper,io.cucumber.testng.FeatureWrapper)[pri:0, instance:com.example.runners.TestRunner@f78a47e]" name="runScenario" class="io.cucumber.testng.AbstractTestNGCucumberTests"/>
      </group> <!-- cucumber -->
    </groups>
    <test started-at="2025-10-25T11:35:23 GMT-07:00" name="Firefox Tests" finished-at="2025-10-25T11:36:29 GMT-07:00" duration-ms="66806">
      <class name="com.example.runners.TestRunner">
        <test-method is-config="true" signature="setUpClass(org.testng.ITestContext)[pri:0, instance:com.example.runners.TestRunner@2a7f1f10]" started-at="2025-10-25T11:35:23 GMT-07:00" name="setUpClass" finished-at="2025-10-25T11:35:24 GMT-07:00" duration-ms="1060" status="PASS">
          <params>
            <param index="0">
              <value>
                <![CDATA[org.testng.TestRunner@16eb3ea3]]>
              </value>
            </param>
          </params>
          <reporter-output>
          </reporter-output>
        </test-method> <!-- setUpClass -->
        <test-method is-config="true" signature="getBrowser(java.lang.String)[pri:0, instance:com.example.runners.TestRunner@2a7f1f10]" started-at="2025-10-25T11:35:24 GMT-07:00" name="getBrowser" finished-at="2025-10-25T11:35:24 GMT-07:00" duration-ms="2" status="PASS">
          <params>
            <param index="0">
              <value>
                <![CDATA[firefox]]>
              </value>
            </param>
          </params>
          <reporter-output>
          </reporter-output>
        </test-method> <!-- getBrowser -->
        <test-method is-config="true" signature="getBrowser(java.lang.String)[pri:0, instance:com.example.runners.TestRunner@2a7f1f10]" started-at="2025-10-25T11:35:24 GMT-07:00" name="getBrowser" finished-at="2025-10-25T11:35:24 GMT-07:00" duration-ms="1" status="PASS">
          <params>
            <param index="0">
              <value>
                <![CDATA[firefox]]>
              </value>
            </param>
          </params>
          <reporter-output>
          </reporter-output>
        </test-method> <!-- getBrowser -->
        <test-method is-config="true" signature="getBrowser(java.lang.String)[pri:0, instance:com.example.runners.TestRunner@2a7f1f10]" started-at="2025-10-25T11:35:24 GMT-07:00" name="getBrowser" finished-at="2025-10-25T11:35:24 GMT-07:00" duration-ms="2" status="PASS">
          <params>
            <param index="0">
              <value>
                <![CDATA[firefox]]>
              </value>
            </param>
          </params>
          <reporter-output>
          </reporter-output>
        </test-method> <!-- getBrowser -->
        <test-method is-config="true" signature="getBrowser(java.lang.String)[pri:0, instance:com.example.runners.TestRunner@2a7f1f10]" started-at="2025-10-25T11:35:24 GMT-07:00" name="getBrowser" finished-at="2025-10-25T11:35:24 GMT-07:00" duration-ms="0" status="PASS">
          <params>
            <param index="0">
              <value>
                <![CDATA[firefox]]>
              </value>
            </param>
          </params>
          <reporter-output>
          </reporter-output>
        </test-method> <!-- getBrowser -->
        <test-method is-config="true" signature="getBrowser(java.lang.String)[pri:0, instance:com.example.runners.TestRunner@2a7f1f10]" started-at="2025-10-25T11:35:24 GMT-07:00" name="getBrowser" finished-at="2025-10-25T11:35:24 GMT-07:00" duration-ms="1" status="PASS">
          <params>
            <param index="0">
              <value>
                <![CDATA[firefox]]>
              </value>
            </param>
          </params>
          <reporter-output>
          </reporter-output>
        </test-method> <!-- getBrowser -->
        <test-method signature="runScenario(io.cucumber.testng.PickleWrapper,io.cucumber.testng.FeatureWrapper)[pri:0, instance:com.example.runners.TestRunner@2a7f1f10]" started-at="2025-10-25T11:35:24 GMT-07:00" name="runScenario" description="Runs Cucumber Scenarios" data-provider="scenarios" finished-at="2025-10-25T11:36:24 GMT-07:00" duration-ms="60778" status="PASS">
          <params>
            <param index="0">
              <value>
                <![CDATA["Test Login with multiple credentials"]]>
              </value>
            </param>
            <param index="1">
              <value>
                <![CDATA["Login functionality"]]>
              </value>
            </param>
          </params>
          <reporter-output>
          </reporter-output>
        </test-method> <!-- runScenario -->
        <test-method signature="runScenario(io.cucumber.testng.PickleWrapper,io.cucumber.testng.FeatureWrapper)[pri:0, instance:com.example.runners.TestRunner@2a7f1f10]" started-at="2025-10-25T11:35:24 GMT-07:00" name="runScenario" description="Runs Cucumber Scenarios" data-provider="scenarios" finished-at="2025-10-25T11:36:28 GMT-07:00" duration-ms="64077" status="PASS">
          <params>
            <param index="0">
              <value>
                <![CDATA["Test login Invalid credentials"]]>
              </value>
            </param>
            <param index="1">
              <value>
                <![CDATA["Login functionality"]]>
              </value>
            </param>
          </params>
          <reporter-output>
          </reporter-output>
        </test-method> <!-- runScenario -->
        <test-method signature="runScenario(io.cucumber.testng.PickleWrapper,io.cucumber.testng.FeatureWrapper)[pri:0, instance:com.example.runners.TestRunner@2a7f1f10]" started-at="2025-10-25T11:35:24 GMT-07:00" name="runScenario" description="Runs Cucumber Scenarios" data-provider="scenarios" finished-at="2025-10-25T11:36:27 GMT-07:00" duration-ms="63080" status="PASS">
          <params>
            <param index="0">
              <value>
                <![CDATA["Test login with valid credentials"]]>
              </value>
            </param>
            <param index="1">
              <value>
                <![CDATA["Login functionality"]]>
              </value>
            </param>
          </params>
          <reporter-output>
          </reporter-output>
        </test-method> <!-- runScenario -->
        <test-method signature="runScenario(io.cucumber.testng.PickleWrapper,io.cucumber.testng.FeatureWrapper)[pri:0, instance:com.example.runners.TestRunner@2a7f1f10]" started-at="2025-10-25T11:35:24 GMT-07:00" name="runScenario" description="Runs Cucumber Scenarios" data-provider="scenarios" finished-at="2025-10-25T11:36:27 GMT-07:00" duration-ms="63180" status="PASS">
          <params>
            <param index="0">
              <value>
                <![CDATA["Test login with valid credentials"]]>
              </value>
            </param>
            <param index="1">
              <value>
                <![CDATA["Login functionality"]]>
              </value>
            </param>
          </params>
          <reporter-output>
          </reporter-output>
        </test-method> <!-- runScenario -->
        <test-method signature="runScenario(io.cucumber.testng.PickleWrapper,io.cucumber.testng.FeatureWrapper)[pri:0, instance:com.example.runners.TestRunner@2a7f1f10]" started-at="2025-10-25T11:35:24 GMT-07:00" name="runScenario" description="Runs Cucumber Scenarios" data-provider="scenarios" finished-at="2025-10-25T11:36:28 GMT-07:00" duration-ms="63915" status="PASS">
          <params>
            <param index="0">
              <value>
                <![CDATA["Test Login with multiple credentials"]]>
              </value>
            </param>
            <param index="1">
              <value>
                <![CDATA["Login functionality"]]>
              </value>
            </param>
          </params>
          <reporter-output>
          </reporter-output>
        </test-method> <!-- runScenario -->
        <test-method is-config="true" signature="tearDownClass()[pri:0, instance:com.example.runners.TestRunner@2a7f1f10]" started-at="2025-10-25T11:36:28 GMT-07:00" name="tearDownClass" finished-at="2025-10-25T11:36:29 GMT-07:00" duration-ms="1610" status="PASS">
          <reporter-output>
          </reporter-output>
        </test-method> <!-- tearDownClass -->
      </class> <!-- com.example.runners.TestRunner -->
    </test> <!-- Firefox Tests -->
    <test started-at="2025-10-25T11:35:23 GMT-07:00" name="Chrome Tests" finished-at="2025-10-25T11:36:33 GMT-07:00" duration-ms="70852">
      <class name="com.example.runners.TestRunner">
        <test-method is-config="true" signature="setUpClass(org.testng.ITestContext)[pri:0, instance:com.example.runners.TestRunner@52b1beb6]" started-at="2025-10-25T11:35:23 GMT-07:00" name="setUpClass" finished-at="2025-10-25T11:35:24 GMT-07:00" duration-ms="1060" status="PASS">
          <params>
            <param index="0">
              <value>
                <![CDATA[org.testng.TestRunner@273444fe]]>
              </value>
            </param>
          </params>
          <reporter-output>
          </reporter-output>
        </test-method> <!-- setUpClass -->
        <test-method is-config="true" signature="getBrowser(java.lang.String)[pri:0, instance:com.example.runners.TestRunner@52b1beb6]" started-at="2025-10-25T11:35:24 GMT-07:00" name="getBrowser" finished-at="2025-10-25T11:35:24 GMT-07:00" duration-ms="2" status="PASS">
          <params>
            <param index="0">
              <value>
                <![CDATA[chrome]]>
              </value>
            </param>
          </params>
          <reporter-output>
          </reporter-output>
        </test-method> <!-- getBrowser -->
        <test-method is-config="true" signature="getBrowser(java.lang.String)[pri:0, instance:com.example.runners.TestRunner@52b1beb6]" started-at="2025-10-25T11:35:24 GMT-07:00" name="getBrowser" finished-at="2025-10-25T11:35:24 GMT-07:00" duration-ms="2" status="PASS">
          <params>
            <param index="0">
              <value>
                <![CDATA[chrome]]>
              </value>
            </param>
          </params>
          <reporter-output>
          </reporter-output>
        </test-method> <!-- getBrowser -->
        <test-method is-config="true" signature="getBrowser(java.lang.String)[pri:0, instance:com.example.runners.TestRunner@52b1beb6]" started-at="2025-10-25T11:35:24 GMT-07:00" name="getBrowser" finished-at="2025-10-25T11:35:24 GMT-07:00" duration-ms="2" status="PASS">
          <params>
            <param index="0">
              <value>
                <![CDATA[chrome]]>
              </value>
            </param>
          </params>
          <reporter-output>
          </reporter-output>
        </test-method> <!-- getBrowser -->
        <test-method is-config="true" signature="getBrowser(java.lang.String)[pri:0, instance:com.example.runners.TestRunner@52b1beb6]" started-at="2025-10-25T11:35:24 GMT-07:00" name="getBrowser" finished-at="2025-10-25T11:35:24 GMT-07:00" duration-ms="2" status="PASS">
          <params>
            <param index="0">
              <value>
                <![CDATA[chrome]]>
              </value>
            </param>
          </params>
          <reporter-output>
          </reporter-output>
        </test-method> <!-- getBrowser -->
        <test-method is-config="true" signature="getBrowser(java.lang.String)[pri:0, instance:com.example.runners.TestRunner@52b1beb6]" started-at="2025-10-25T11:35:24 GMT-07:00" name="getBrowser" finished-at="2025-10-25T11:35:24 GMT-07:00" duration-ms="2" status="PASS">
          <params>
            <param index="0">
              <value>
                <![CDATA[chrome]]>
              </value>
            </param>
          </params>
          <reporter-output>
          </reporter-output>
        </test-method> <!-- getBrowser -->
        <test-method signature="runScenario(io.cucumber.testng.PickleWrapper,io.cucumber.testng.FeatureWrapper)[pri:0, instance:com.example.runners.TestRunner@52b1beb6]" started-at="2025-10-25T11:35:24 GMT-07:00" name="runScenario" description="Runs Cucumber Scenarios" data-provider="scenarios" finished-at="2025-10-25T11:36:28 GMT-07:00" duration-ms="64243" status="PASS">
          <params>
            <param index="0">
              <value>
                <![CDATA["Test login Invalid credentials"]]>
              </value>
            </param>
            <param index="1">
              <value>
                <![CDATA["Login functionality"]]>
              </value>
            </param>
          </params>
          <reporter-output>
          </reporter-output>
        </test-method> <!-- runScenario -->
        <test-method signature="runScenario(io.cucumber.testng.PickleWrapper,io.cucumber.testng.FeatureWrapper)[pri:0, instance:com.example.runners.TestRunner@52b1beb6]" started-at="2025-10-25T11:35:24 GMT-07:00" name="runScenario" description="Runs Cucumber Scenarios" data-provider="scenarios" finished-at="2025-10-25T11:36:30 GMT-07:00" duration-ms="66598" status="FAIL">
          <params>
            <param index="0">
              <value>
                <![CDATA["Test Login with multiple credentials"]]>
              </value>
            </param>
            <param index="1">
              <value>
                <![CDATA["Login functionality"]]>
              </value>
            </param>
          </params>
          <exception class="java.lang.NullPointerException">
            <message>
              <![CDATA[Cannot invoke "com.aventstack.extentreports.ExtentTest.pass(String)" because "test" is null]]>
            </message>
            <full-stacktrace>
              <![CDATA[java.lang.NullPointerException: Cannot invoke "com.aventstack.extentreports.ExtentTest.pass(String)" because "test" is null
at com.example.hooks.Hooks.afterScenario(Hooks.java:58)
]]>
            </full-stacktrace>
          </exception> <!-- java.lang.NullPointerException -->
          <reporter-output>
          </reporter-output>
        </test-method> <!-- runScenario -->
        <test-method signature="runScenario(io.cucumber.testng.PickleWrapper,io.cucumber.testng.FeatureWrapper)[pri:0, instance:com.example.runners.TestRunner@52b1beb6]" started-at="2025-10-25T11:35:24 GMT-07:00" name="runScenario" description="Runs Cucumber Scenarios" data-provider="scenarios" finished-at="2025-10-25T11:36:28 GMT-07:00" duration-ms="64502" status="PASS">
          <params>
            <param index="0">
              <value>
                <![CDATA["Test login with valid credentials"]]>
              </value>
            </param>
            <param index="1">
              <value>
                <![CDATA["Login functionality"]]>
              </value>
            </param>
          </params>
          <reporter-output>
          </reporter-output>
        </test-method> <!-- runScenario -->
        <test-method signature="runScenario(io.cucumber.testng.PickleWrapper,io.cucumber.testng.FeatureWrapper)[pri:0, instance:com.example.runners.TestRunner@52b1beb6]" started-at="2025-10-25T11:35:24 GMT-07:00" name="runScenario" description="Runs Cucumber Scenarios" data-provider="scenarios" finished-at="2025-10-25T11:36:28 GMT-07:00" duration-ms="64002" status="PASS">
          <params>
            <param index="0">
              <value>
                <![CDATA["Test login with valid credentials"]]>
              </value>
            </param>
            <param index="1">
              <value>
                <![CDATA["Login functionality"]]>
              </value>
            </param>
          </params>
          <reporter-output>
          </reporter-output>
        </test-method> <!-- runScenario -->
        <test-method signature="runScenario(io.cucumber.testng.PickleWrapper,io.cucumber.testng.FeatureWrapper)[pri:0, instance:com.example.runners.TestRunner@52b1beb6]" started-at="2025-10-25T11:35:24 GMT-07:00" name="runScenario" description="Runs Cucumber Scenarios" data-provider="scenarios" finished-at="2025-10-25T11:36:28 GMT-07:00" duration-ms="64251" status="PASS">
          <params>
            <param index="0">
              <value>
                <![CDATA["Test Login with multiple credentials"]]>
              </value>
            </param>
            <param index="1">
              <value>
                <![CDATA["Login functionality"]]>
              </value>
            </param>
          </params>
          <reporter-output>
          </reporter-output>
        </test-method> <!-- runScenario -->
        <test-method is-config="true" signature="tearDownClass()[pri:0, instance:com.example.runners.TestRunner@52b1beb6]" started-at="2025-10-25T11:36:30 GMT-07:00" name="tearDownClass" finished-at="2025-10-25T11:36:33 GMT-07:00" duration-ms="3134" status="PASS">
          <reporter-output>
          </reporter-output>
        </test-method> <!-- tearDownClass -->
      </class> <!-- com.example.runners.TestRunner -->
    </test> <!-- Chrome Tests -->
    <test started-at="2025-10-25T11:36:29 GMT-07:00" name="Edge Tests" finished-at="2025-10-25T11:37:07 GMT-07:00" duration-ms="37271">
      <class name="com.example.runners.TestRunner">
        <test-method is-config="true" signature="setUpClass(org.testng.ITestContext)[pri:0, instance:com.example.runners.TestRunner@f78a47e]" started-at="2025-10-25T11:36:29 GMT-07:00" name="setUpClass" finished-at="2025-10-25T11:36:30 GMT-07:00" duration-ms="80" status="PASS">
          <params>
            <param index="0">
              <value>
                <![CDATA[org.testng.TestRunner@5032714f]]>
              </value>
            </param>
          </params>
          <reporter-output>
          </reporter-output>
        </test-method> <!-- setUpClass -->
        <test-method is-config="true" signature="getBrowser(java.lang.String)[pri:0, instance:com.example.runners.TestRunner@f78a47e]" started-at="2025-10-25T11:36:30 GMT-07:00" name="getBrowser" finished-at="2025-10-25T11:36:30 GMT-07:00" duration-ms="0" status="PASS">
          <params>
            <param index="0">
              <value>
                <![CDATA[edge]]>
              </value>
            </param>
          </params>
          <reporter-output>
          </reporter-output>
        </test-method> <!-- getBrowser -->
        <test-method is-config="true" signature="getBrowser(java.lang.String)[pri:0, instance:com.example.runners.TestRunner@f78a47e]" started-at="2025-10-25T11:36:30 GMT-07:00" name="getBrowser" finished-at="2025-10-25T11:36:30 GMT-07:00" duration-ms="0" status="PASS">
          <params>
            <param index="0">
              <value>
                <![CDATA[edge]]>
              </value>
            </param>
          </params>
          <reporter-output>
          </reporter-output>
        </test-method> <!-- getBrowser -->
        <test-method signature="runScenario(io.cucumber.testng.PickleWrapper,io.cucumber.testng.FeatureWrapper)[pri:0, instance:com.example.runners.TestRunner@f78a47e]" started-at="2025-10-25T11:36:30 GMT-07:00" name="runScenario" description="Runs Cucumber Scenarios" data-provider="scenarios" finished-at="2025-10-25T11:37:03 GMT-07:00" duration-ms="33440" status="PASS">
          <params>
            <param index="0">
              <value>
                <![CDATA["Test login with valid credentials"]]>
              </value>
            </param>
            <param index="1">
              <value>
                <![CDATA["Login functionality"]]>
              </value>
            </param>
          </params>
          <reporter-output>
          </reporter-output>
        </test-method> <!-- runScenario -->
        <test-method signature="runScenario(io.cucumber.testng.PickleWrapper,io.cucumber.testng.FeatureWrapper)[pri:0, instance:com.example.runners.TestRunner@f78a47e]" started-at="2025-10-25T11:36:30 GMT-07:00" name="runScenario" description="Runs Cucumber Scenarios" data-provider="scenarios" finished-at="2025-10-25T11:37:01 GMT-07:00" duration-ms="31252" status="PASS">
          <params>
            <param index="0">
              <value>
                <![CDATA["Test login Invalid credentials"]]>
              </value>
            </param>
            <param index="1">
              <value>
                <![CDATA["Login functionality"]]>
              </value>
            </param>
          </params>
          <reporter-output>
          </reporter-output>
        </test-method> <!-- runScenario -->
        <test-method is-config="true" signature="getBrowser(java.lang.String)[pri:0, instance:com.example.runners.TestRunner@f78a47e]" started-at="2025-10-25T11:36:30 GMT-07:00" name="getBrowser" finished-at="2025-10-25T11:36:30 GMT-07:00" duration-ms="0" status="PASS">
          <params>
            <param index="0">
              <value>
                <![CDATA[edge]]>
              </value>
            </param>
          </params>
          <reporter-output>
          </reporter-output>
        </test-method> <!-- getBrowser -->
        <test-method is-config="true" signature="getBrowser(java.lang.String)[pri:0, instance:com.example.runners.TestRunner@f78a47e]" started-at="2025-10-25T11:36:30 GMT-07:00" name="getBrowser" finished-at="2025-10-25T11:36:30 GMT-07:00" duration-ms="0" status="PASS">
          <params>
            <param index="0">
              <value>
                <![CDATA[edge]]>
              </value>
            </param>
          </params>
          <reporter-output>
          </reporter-output>
        </test-method> <!-- getBrowser -->
        <test-method signature="runScenario(io.cucumber.testng.PickleWrapper,io.cucumber.testng.FeatureWrapper)[pri:0, instance:com.example.runners.TestRunner@f78a47e]" started-at="2025-10-25T11:36:30 GMT-07:00" name="runScenario" description="Runs Cucumber Scenarios" data-provider="scenarios" finished-at="2025-10-25T11:37:00 GMT-07:00" duration-ms="30365" status="PASS">
          <params>
            <param index="0">
              <value>
                <![CDATA["Test Login with multiple credentials"]]>
              </value>
            </param>
            <param index="1">
              <value>
                <![CDATA["Login functionality"]]>
              </value>
            </param>
          </params>
          <reporter-output>
          </reporter-output>
        </test-method> <!-- runScenario -->
        <test-method signature="runScenario(io.cucumber.testng.PickleWrapper,io.cucumber.testng.FeatureWrapper)[pri:0, instance:com.example.runners.TestRunner@f78a47e]" started-at="2025-10-25T11:36:30 GMT-07:00" name="runScenario" description="Runs Cucumber Scenarios" data-provider="scenarios" finished-at="2025-10-25T11:37:07 GMT-07:00" duration-ms="37072" status="PASS">
          <params>
            <param index="0">
              <value>
                <![CDATA["Test Login with multiple credentials"]]>
              </value>
            </param>
            <param index="1">
              <value>
                <![CDATA["Login functionality"]]>
              </value>
            </param>
          </params>
          <reporter-output>
          </reporter-output>
        </test-method> <!-- runScenario -->
        <test-method is-config="true" signature="getBrowser(java.lang.String)[pri:0, instance:com.example.runners.TestRunner@f78a47e]" started-at="2025-10-25T11:36:30 GMT-07:00" name="getBrowser" finished-at="2025-10-25T11:36:30 GMT-07:00" duration-ms="0" status="PASS">
          <params>
            <param index="0">
              <value>
                <![CDATA[edge]]>
              </value>
            </param>
          </params>
          <reporter-output>
          </reporter-output>
        </test-method> <!-- getBrowser -->
        <test-method signature="runScenario(io.cucumber.testng.PickleWrapper,io.cucumber.testng.FeatureWrapper)[pri:0, instance:com.example.runners.TestRunner@f78a47e]" started-at="2025-10-25T11:36:30 GMT-07:00" name="runScenario" description="Runs Cucumber Scenarios" data-provider="scenarios" finished-at="2025-10-25T11:37:01 GMT-07:00" duration-ms="31078" status="PASS">
          <params>
            <param index="0">
              <value>
                <![CDATA["Test login with valid credentials"]]>
              </value>
            </param>
            <param index="1">
              <value>
                <![CDATA["Login functionality"]]>
              </value>
            </param>
          </params>
          <reporter-output>
          </reporter-output>
        </test-method> <!-- runScenario -->
        <test-method is-config="true" signature="tearDownClass()[pri:0, instance:com.example.runners.TestRunner@f78a47e]" started-at="2025-10-25T11:37:07 GMT-07:00" name="tearDownClass" finished-at="2025-10-25T11:37:07 GMT-07:00" duration-ms="111" status="PASS">
          <reporter-output>
          </reporter-output>
        </test-method> <!-- tearDownClass -->
      </class> <!-- com.example.runners.TestRunner -->
    </test> <!-- Edge Tests -->
  </suite> <!-- Suite -->
</testng-results>
